DEBUG:root:Handika
DEBUG:root:Handika
DEBUG:root:Handika
DEBUG:root:Handika
DEBUG:root:Handika
DEBUG:root:Undetected Faces on Original Position
DEBUG:root:Undetected Faces on Original Position 1
DEBUG:root:Undetected Faces on Original Position
DEBUG:root:Undetected Faces on Original Position 1
DEBUG:root:Undetected Faces on Original Position 2
DEBUG:root:Undetected Faces on Original Position
DEBUG:root:Undetected Faces on Original Position 1
DEBUG:root:Undetected Faces on Original Position 2
DEBUG:root:Undetected Faces on Original Position
DEBUG:root:Undetected Faces on Original Position 1
DEBUG:root:Undetected Faces on Original Position 2
DEBUG:root:Undetected Faces on Original Position
DEBUG:root:Undetected Faces on Original Position 1
DEBUG:root:Undetected Faces on Original Position 2
DEBUG:root:Undetected Faces on Original Position
DEBUG:root:Undetected Faces on Original Position 1
DEBUG:root:Undetected Faces on Original Position 2
DEBUG:root:Undetected Faces on Original Position
DEBUG:root:Undetected Faces on Original Position 1
DEBUG:root:Undetected Faces on Original Position 2
DEBUG:root:Undetected Faces on Original Position
DEBUG:root:Undetected Faces on Original Position 1
DEBUG:root:Undetected Faces on Original Position 2
DEBUG:root:Undetected Faces on Original Position
DEBUG:root:Undetected Faces on Original Position 1
DEBUG:root:Undetected Faces on Original Position 2
DEBUG:root:Undetected Faces on Original Position
DEBUG:root:Undetected Faces on Original Position 1
DEBUG:root:Undetected Faces on Original Position 2
DEBUG:root:Undetected Faces on Original Position
DEBUG:root:Undetected Faces on Original Position 1
DEBUG:root:Handika
DEBUG:root:Handika
DEBUG:root:Handika
DEBUG:root:Handika
DEBUG:root:Handika
DEBUG:root:Handika
DEBUG:root:Undetected Faces on Original Position 2
DEBUG:root:Undetected Faces on Original Position
DEBUG:root:{"age_i": 26, "name_s": "Handika", "userid_i": 7, "channel_s": "7", "gender_s": "Male", "event_s": "16:48"}
DEBUG:root:{"age_i": 26, "name_s": "Handika", "userid_i": 7, "channel_s": "7", "gender_s": "Male", "event_s": "16:48"}
DEBUG:root:{"age_i": 26, "name_s": "Handika", "userid_i": 7, "channel_s": "7", "gender_s": "Male", "event_s": "16:48"}
DEBUG:root:{"age_i": 26, "name_s": "Handika", "userid_i": 7, "channel_s": "7", "gender_s": "Male", "event_s": "16:48"}
DEBUG:root:Undetected Faces on Original Position 2
DEBUG:root:Undetected Faces on Original Position
DEBUG:root:Undetected Faces on Original Position 1
DEBUG:root:Undetected Faces on Original Position 2
DEBUG:root:Undetected Faces on Original Position
DEBUG:root:Undetected Faces on Original Position 1
DEBUG:root:Undetected Faces on Original Position
DEBUG:root:Undetected Faces on Original Position 1
DEBUG:root:Undetected Faces on Original Position 2
DEBUG:root:Undetected Faces on Original Position
DEBUG:root:Undetected Faces on Original Position 1
DEBUG:root:Undetected Faces on Original Position 2
DEBUG:root:Undetected Faces on Original Position
DEBUG:root:Undetected Faces on Original Position 1
DEBUG:root:Undetected Faces on Original Position 2
DEBUG:root:Undetected Faces on Original Position
DEBUG:root:Undetected Faces on Original Position 1
DEBUG:root:Undetected Faces on Original Position 2
DEBUG:root:Undetected Faces on Original Position
DEBUG:root:Undetected Faces on Original Position 1
DEBUG:root:Undetected Faces on Original Position 2
DEBUG:root:Undetected Faces on Original Position
DEBUG:root:Undetected Faces on Original Position 1
DEBUG:root:Undetected Faces on Original Position 2
DEBUG:root:Undetected Faces on Original Position 10:46
DEBUG:root:Undetected Faces on Original Position 1 10:46
DEBUG:root:Undetected Faces on Original Position 2 10:46
DEBUG:root:Undetected Faces on Original Position 10:47
DEBUG:root:Undetected Faces on Original Position 1 10:47
DEBUG:root:Undetected Faces on Original Position 2 10:47
DEBUG:root:Undetected Faces on Original Position 10:48
DEBUG:root:Undetected Faces on Original Position 1 10:48
DEBUG:root:Undetected Faces on Original Position 2 10:48
DEBUG:root:Undetected Faces on Original Position 10:49
DEBUG:root:Undetected Faces on Original Position 1 10:49
DEBUG:root:Undetected Faces on Original Position 2 10:49
DEBUG:root:Undetected Faces on Original Position 10:50
DEBUG:root:Undetected Faces on Original Position 1 10:50
DEBUG:root:Undetected Faces on Original Position 2 10:50
DEBUG:root:Undetected Faces on Original Position 10:54
DEBUG:root:Undetected Faces on Original Position 1 10:54
DEBUG:root:Undetected Faces on Original Position 2 10:54
DEBUG:root:Undetected Faces on Original Position 11:13
DEBUG:root:Undetected Faces on Original Position 1 11:13
DEBUG:root:Undetected Faces on Original Position 2 11:13
DEBUG:root:Undetected Faces on Original Position 11:14
DEBUG:root:Undetected Faces on Original Position 1 11:14
DEBUG:root:Undetected Faces on Original Position 2 11:14
DEBUG:root:Undetected Faces on Original Position 11:14
DEBUG:root:Undetected Faces on Original Position 1 11:14
DEBUG:root:Undetected Faces on Original Position 2 11:14
DEBUG:root:Undetected Faces on Original Position 13:26
DEBUG:root:Undetected Faces on Original Position 1 13:26
DEBUG:root:Undetected Faces on Original Position 2 13:26
DEBUG:root:Undetected Faces on Original Position 13:26
DEBUG:root:Undetected Faces on Original Position 1 13:26
DEBUG:root:Undetected Faces on Original Position 2 13:26
DEBUG:root:Undetected Faces on Original Position 13:27
DEBUG:root:Undetected Faces on Original Position 1 13:27
DEBUG:root:Undetected Faces on Original Position 2 13:27
DEBUG:root:Undetected Faces on Original Position 11:03
DEBUG:root:Undetected Faces on Original Position 1 11:03
DEBUG:root:Undetected Faces on Original Position 2 11:03
DEBUG:root:Undetected Faces on Original Position 11:04
DEBUG:root:Undetected Faces on Original Position 1 11:04
DEBUG:root:Undetected Faces on Original Position 2 11:04
DEBUG:root:Undetected Faces on Original Position 11:04
DEBUG:root:Undetected Faces on Original Position 1 11:04
DEBUG:root:Undetected Faces on Original Position 2 11:04
DEBUG:root:Undetected Faces on Original Position 10:34
DEBUG:root:Undetected Faces on Original Position 1 10:34
DEBUG:root:Undetected Faces on Original Position 2 10:34
DEBUG:root:Undetected Faces on Original Position 10:35
DEBUG:root:Undetected Faces on Original Position 1 10:35
DEBUG:root:Undetected Faces on Original Position 2 10:35
DEBUG:root:Undetected Faces on Original Position 10:36
DEBUG:root:Undetected Faces on Original Position 1 10:36
DEBUG:root:Undetected Faces on Original Position 2 10:36
DEBUG:root:Undetected Faces on Original Position 10:40
DEBUG:root:Undetected Faces on Original Position 1 10:40
DEBUG:root:Undetected Faces on Original Position 2 10:40
DEBUG:root:Undetected Faces on Original Position 10:41
DEBUG:root:Undetected Faces on Original Position 1 10:41
DEBUG:root:Undetected Faces on Original Position 2 10:41
DEBUG:root:Undetected Faces on Original Position 10:42
DEBUG:root:Undetected Faces on Original Position 1 10:42
DEBUG:root:Undetected Faces on Original Position 2 10:42
DEBUG:root:{"age_i": 26, "name_s": "Handika", "userid_i": 7, "channel_s": "7", "gender_s": "Male", "event_s": "10:58"}
DEBUG:root:Undetected Faces on Original Position 1 10:59
DEBUG:root:Undetected Faces on Original Position 2 10:59
DEBUG:root:Undetected Faces on Original Position 11:00
DEBUG:root:{"age_i": 26, "name_s": "Handika", "userid_i": 7, "channel_s": "7", "gender_s": "Male", "event_s": "11:01"}
DEBUG:root:{"age_i": 26, "name_s": "Handika", "userid_i": 7, "channel_s": "7", "gender_s": "Male", "event_s": "11:02"}
DEBUG:root:Undetected Faces on Original Position 2 11:02
DEBUG:root:Undetected Faces on Original Position 11:03
DEBUG:root:Undetected Faces on Original Position 11:05
DEBUG:root:Undetected Faces on Original Position 1 11:05
DEBUG:root:Undetected Faces on Original Position 2 11:05
DEBUG:root:Undetected Faces on Original Position 11:05
DEBUG:root:Undetected Faces on Original Position 1 11:05
DEBUG:root:Undetected Faces on Original Position 2 11:05
DEBUG:root:Undetected Faces on Original Position 11:06
DEBUG:root:Undetected Faces on Original Position 1 11:06
DEBUG:root:Undetected Faces on Original Position 2 11:06
DEBUG:root:Undetected Faces on Original Position 13:50
DEBUG:root:Undetected Faces on Original Position 1 13:50
DEBUG:root:Undetected Faces on Original Position 2 13:50
DEBUG:root:Undetected Faces on Original Position 13:51
DEBUG:root:Undetected Faces on Original Position 1 13:51
DEBUG:root:Undetected Faces on Original Position 2 13:51
DEBUG:root:Undetected Faces on Original Position 13:52
DEBUG:root:Undetected Faces on Original Position 1 13:52
DEBUG:root:Undetected Faces on Original Position 2 13:52
DEBUG:root:Undetected Faces on Original Position 13:53
DEBUG:root:Undetected Faces on Original Position 1 13:53
DEBUG:root:Undetected Faces on Original Position 2 13:53
DEBUG:root:Undetected Faces on Original Position 13:54
DEBUG:root:Undetected Faces on Original Position 1 13:54
DEBUG:root:Undetected Faces on Original Position 2 13:54
DEBUG:root:Undetected Faces on Original Position 13:55
DEBUG:root:Undetected Faces on Original Position 1 13:55
DEBUG:root:Undetected Faces on Original Position 2 13:55
DEBUG:root:Undetected Faces on Original Position 14:21
DEBUG:root:Undetected Faces on Original Position 1 14:21
DEBUG:root:Undetected Faces on Original Position 2 14:21
DEBUG:root:Undetected Faces on Original Position 14:22
DEBUG:root:Undetected Faces on Original Position 1 14:22
DEBUG:root:Undetected Faces on Original Position 2 14:22
DEBUG:root:Undetected Faces on Original Position 14:35
DEBUG:root:Undetected Faces on Original Position 1 14:35
DEBUG:root:Undetected Faces on Original Position 2 14:36
DEBUG:root:Undetected Faces on Original Position 14:36
DEBUG:root:Undetected Faces on Original Position 1 14:36
DEBUG:root:Undetected Faces on Original Position 2 14:36
DEBUG:root:Undetected Faces on Original Position 14:37
DEBUG:root:Undetected Faces on Original Position 1 14:37
DEBUG:root:Undetected Faces on Original Position 2 14:37
DEBUG:root:Undetected Faces on Original Position 14:38
DEBUG:root:Undetected Faces on Original Position 1 14:38
DEBUG:root:Undetected Faces on Original Position 2 14:38
DEBUG:root:Undetected Faces on Original Position 10:07
DEBUG:root:Undetected Faces on Original Position 1 10:07
DEBUG:root:Undetected Faces on Original Position 2 10:07
DEBUG:root:Undetected Faces on Original Position 10:08
DEBUG:root:Undetected Faces on Original Position 1 10:08
DEBUG:root:Undetected Faces on Original Position 2 10:08
DEBUG:root:Undetected Faces on Original Position 10:09
DEBUG:root:Undetected Faces on Original Position 1 10:09
DEBUG:root:Undetected Faces on Original Position 2 10:09
DEBUG:root:Undetected Faces on Original Position 10:10
DEBUG:root:Undetected Faces on Original Position 1 10:10
DEBUG:root:Undetected Faces on Original Position 2 10:10
DEBUG:root:Undetected Faces on Original Position 10:11
DEBUG:root:Undetected Faces on Original Position 10:12
DEBUG:root:Undetected Faces on Original Position 1 10:12
DEBUG:root:Undetected Faces on Original Position 2 10:12
DEBUG:root:Undetected Faces on Original Position 10:13
DEBUG:root:Undetected Faces on Original Position 1 10:13
DEBUG:root:Undetected Faces on Original Position 2 10:13
DEBUG:root:Undetected Faces on Original Position 10:13
DEBUG:root:Undetected Faces on Original Position 1 10:13
DEBUG:root:Undetected Faces on Original Position 2 10:13
DEBUG:root:Undetected Faces on Original Position 10:17
DEBUG:root:Undetected Faces on Original Position 1 10:17
DEBUG:root:Undetected Faces on Original Position 2 10:17
DEBUG:root:Undetected Faces on Original Position 10:18
DEBUG:root:Undetected Faces on Original Position 1 10:18
DEBUG:root:Undetected Faces on Original Position 2 10:18
DEBUG:root:{"age_i": 26, "name_s": "Handika", "userid_i": 7, "channel_s": "7", "gender_s": "Male", "event_s": "10:20"}
DEBUG:root:{"age_i": 26, "name_s": "Handika", "userid_i": 7, "channel_s": "7", "gender_s": "Male", "event_s": "10:21"}
DEBUG:root:Undetected Faces on Original Position 2 10:21
DEBUG:root:{"age_i": 26, "name_s": "Handika", "userid_i": 7, "channel_s": "7", "gender_s": "Male", "event_s": "10:25"}
DEBUG:root:{"age_i": 26, "name_s": "Handika", "userid_i": 7, "channel_s": "7", "gender_s": "Male", "event_s": "10:30"}
DEBUG:root:Undetected Faces on Original Position 1 10:30
DEBUG:root:Undetected Faces on Original Position 10:32
DEBUG:root:Undetected Faces on Original Position 1 10:32
DEBUG:root:Undetected Faces on Original Position 2 10:32
DEBUG:root:Undetected Faces on Original Position 10:33
DEBUG:root:Undetected Faces on Original Position 1 10:33
DEBUG:root:Undetected Faces on Original Position 2 10:33
DEBUG:root:Undetected Faces on Original Position 10:33
DEBUG:root:Undetected Faces on Original Position 1 10:34
DEBUG:root:Undetected Faces on Original Position 2 10:34
DEBUG:root:old image removed 10:38
DEBUG:root:new image captured 10:38
DEBUG:root:Undetected Faces on Original Position 10:38
DEBUG:root:Undetected Faces on Original Position 1 10:38
DEBUG:root:Undetected Faces on Original Position 2 10:38
DEBUG:root:old image removed 10:38
DEBUG:root:new image captured 10:38
DEBUG:root:Undetected Faces on Original Position 10:39
DEBUG:root:Undetected Faces on Original Position 1 10:39
DEBUG:root:Undetected Faces on Original Position 2 10:39
DEBUG:root:old image removed 10:39
DEBUG:root:new image captured 10:39
DEBUG:root:Undetected Faces on Original Position 10:39
DEBUG:root:Undetected Faces on Original Position 1 10:39
DEBUG:root:Undetected Faces on Original Position 2 10:39
DEBUG:root:old image removed 10:41
DEBUG:root:new image captured 10:41
DEBUG:root:{"age_i": 26, "name_s": "Handika", "userid_i": 7, "channel_s": "7", "gender_s": "Male", "event_s": "10:41"}
DEBUG:root:Undetected Faces on Original Position 1 10:41
DEBUG:root:{"age_i": 26, "name_s": "Handika", "userid_i": 7, "channel_s": "7", "gender_s": "Male", "event_s": "10:42"}
DEBUG:root:old image removed 10:42
DEBUG:root:new image captured 10:42
DEBUG:root:{"age_i": 26, "name_s": "Handika", "userid_i": 7, "channel_s": "7", "gender_s": "Male", "event_s": "10:43"}
DEBUG:root:{"age_i": 26, "name_s": "Handika", "userid_i": 7, "channel_s": "7", "gender_s": "Male", "event_s": "10:43"}
DEBUG:root:{"age_i": 26, "name_s": "Handika", "userid_i": 7, "channel_s": "7", "gender_s": "Male", "event_s": "10:43"}
DEBUG:root:{"age_i": 26, "name_s": "Handika", "userid_i": 7, "channel_s": "7", "gender_s": "Male", "event_s": "10:43"}
DEBUG:root:old image removed 10:46
DEBUG:root:new image captured 10:46
DEBUG:root:Undetected Faces on Original Position 10:47
DEBUG:root:Undetected Faces on Original Position 1 10:47
DEBUG:root:Undetected Faces on Original Position 2 10:47
DEBUG:root:old image removed 10:47
DEBUG:root:new image captured 10:47
DEBUG:root:Undetected Faces on Original Position 10:48
DEBUG:root:Undetected Faces on Original Position 1 10:48
DEBUG:root:Undetected Faces on Original Position 2 10:48
DEBUG:root:old image removed 10:48
DEBUG:root:new image captured 10:48
DEBUG:root:Undetected Faces on Original Position 10:48
DEBUG:root:Undetected Faces on Original Position 1 10:48
DEBUG:root:Undetected Faces on Original Position 2 10:48
DEBUG:root:old image removed 10:54
DEBUG:root:new image captured 10:54
DEBUG:root:Undetected Faces on Original Position 10:55
DEBUG:root:Undetected Faces on Original Position 1 10:55
DEBUG:root:Undetected Faces on Original Position 2 10:55
DEBUG:root:old image removed 10:55
DEBUG:root:new image captured 10:55
DEBUG:root:Undetected Faces on Original Position 10:56
DEBUG:root:Undetected Faces on Original Position 1 10:56
DEBUG:root:Undetected Faces on Original Position 2 10:56
DEBUG:root:old image removed 10:56
DEBUG:root:new image captured 10:56
DEBUG:root:Undetected Faces on Original Position 10:56
DEBUG:root:Undetected Faces on Original Position 1 10:56
DEBUG:root:Undetected Faces on Original Position 2 10:56
DEBUG:root:old image removed 11:00
DEBUG:root:old image removed 11:01
DEBUG:root:new image captured 11:01
DEBUG:root:Undetected Faces on Original Position 11:02
DEBUG:root:Undetected Faces on Original Position 1 11:02
DEBUG:root:Undetected Faces on Original Position 2 11:02
DEBUG:root:old image removed 11:02
DEBUG:root:new image captured 11:02
DEBUG:root:Undetected Faces on Original Position 11:02
DEBUG:root:Undetected Faces on Original Position 1 11:02
DEBUG:root:Undetected Faces on Original Position 2 11:02
DEBUG:root:old image removed 11:12
DEBUG:root:new image captured 11:12
DEBUG:root:{"age_i": 26, "name_s": "Handika", "userid_i": 7, "channel_s": "7", "gender_s": "Male", "event_s": "11:13"}
DEBUG:root:{"age_i": 26, "name_s": "Handika", "userid_i": 7, "channel_s": "7", "gender_s": "Male", "event_s": "11:13"}
DEBUG:root:{"age_i": 26, "name_s": "Handika", "userid_i": 7, "channel_s": "7", "gender_s": "Male", "event_s": "11:13"}
DEBUG:root:{"age_i": 26, "name_s": "Handika", "userid_i": 7, "channel_s": "7", "gender_s": "Male", "event_s": "11:13"}
DEBUG:root:{"age_i": 26, "name_s": "Handika", "userid_i": 7, "channel_s": "7", "gender_s": "Male", "event_s": "11:13"}
DEBUG:root:{"age_i": 26, "name_s": "Handika", "userid_i": 7, "channel_s": "7", "gender_s": "Male", "event_s": "11:13"}
DEBUG:root:{"age_i": 26, "name_s": "Handika", "userid_i": 7, "channel_s": "7", "gender_s": "Male", "event_s": "11:13"}
DEBUG:root:{"age_i": 26, "name_s": "Handika", "userid_i": 7, "channel_s": "7", "gender_s": "Male", "event_s": "11:13"}
DEBUG:root:{"age_i": 26, "name_s": "Handika", "userid_i": 7, "channel_s": "7", "gender_s": "Male", "event_s": "11:13"}
DEBUG:root:{"age_i": 26, "name_s": "Handika", "userid_i": 7, "channel_s": "7", "gender_s": "Male", "event_s": "11:13"}
DEBUG:root:{"age_i": 26, "name_s": "Handika", "userid_i": 7, "channel_s": "7", "gender_s": "Male", "event_s": "11:13"}
DEBUG:root:old image removed 11:14
DEBUG:root:new image captured 11:14
DEBUG:root:{"age_i": 26, "name_s": "Handika", "userid_i": 7, "channel_s": "7", "gender_s": "Male", "event_s": "11:14"}
DEBUG:root:{"age_i": 26, "name_s": "Handika", "userid_i": 7, "channel_s": "7", "gender_s": "Male", "event_s": "11:15"}
DEBUG:root:{"age_i": 26, "name_s": "Handika", "userid_i": 7, "channel_s": "7", "gender_s": "Male", "event_s": "11:15"}
DEBUG:root:{"age_i": 26, "name_s": "Handika", "userid_i": 7, "channel_s": "7", "gender_s": "Male", "event_s": "11:15"}
DEBUG:root:{"age_i": 26, "name_s": "Handika", "userid_i": 7, "channel_s": "7", "gender_s": "Male", "event_s": "11:15"}
DEBUG:root:{"age_i": 26, "name_s": "Handika", "userid_i": 7, "channel_s": "7", "gender_s": "Male", "event_s": "11:15"}
DEBUG:root:old image removed 11:16
DEBUG:root:new image captured 11:16
DEBUG:root:Undetected Faces on Original Position 11:16
DEBUG:root:{"age_i": 26, "name_s": "Handika", "userid_i": 7, "channel_s": "7", "gender_s": "Male", "event_s": "11:16"}
DEBUG:root:{"age_i": 26, "name_s": "Handika", "userid_i": 7, "channel_s": "7", "gender_s": "Male", "event_s": "11:17"}
DEBUG:root:{"age_i": 26, "name_s": "Handika", "userid_i": 7, "channel_s": "7", "gender_s": "Male", "event_s": "11:17"}
DEBUG:root:{"age_i": 26, "name_s": "Handika", "userid_i": 7, "channel_s": "7", "gender_s": "Male", "event_s": "11:17"}
DEBUG:root:{"age_i": 26, "name_s": "Handika", "userid_i": 7, "channel_s": "7", "gender_s": "Male", "event_s": "11:17"}
DEBUG:root:old image removed 11:19
DEBUG:root:new image captured 11:19
DEBUG:root:Found Faces on Original Position 11:20
DEBUG:root:{"age_i": 26, "name_s": "Handika", "userid_i": 7, "channel_s": "7", "gender_s": "Male", "event_s": "11:20"}
DEBUG:root:Undetected Faces on Original Position 1 11:20
DEBUG:root:Found Faces on Rotation 2 11:20
DEBUG:root:{"age_i": 26, "name_s": "Handika", "userid_i": 7, "channel_s": "7", "gender_s": "Male", "event_s": "11:20"}
DEBUG:root:Found Faces on Rotation 2 11:20
DEBUG:root:{"age_i": 26, "name_s": "Handika", "userid_i": 7, "channel_s": "7", "gender_s": "Male", "event_s": "11:20"}
DEBUG:root:Found Faces on Rotation 2 11:20
DEBUG:root:{"age_i": 26, "name_s": "Handika", "userid_i": 7, "channel_s": "7", "gender_s": "Male", "event_s": "11:20"}
DEBUG:root:Found Faces on Rotation 2 11:20
DEBUG:root:{"age_i": 26, "name_s": "Handika", "userid_i": 7, "channel_s": "7", "gender_s": "Male", "event_s": "11:20"}
DEBUG:root:old image removed 11:21
DEBUG:root:new image captured 11:21
DEBUG:root:Found Faces on Original Position 11:21
DEBUG:root:{"age_i": 26, "name_s": "Handika", "userid_i": 7, "channel_s": "7", "gender_s": "Male", "event_s": "11:21"}
DEBUG:root:Undetected Faces on Original Position 1 11:22
DEBUG:root:Found Faces on Rotation 2 11:22
DEBUG:root:{"age_i": 26, "name_s": "Handika", "userid_i": 7, "channel_s": "7", "gender_s": "Male", "event_s": "11:22"}
DEBUG:root:old image removed 11:23
DEBUG:root:new image captured 11:23
DEBUG:root:Found Faces on Original Position 11:23
DEBUG:root:{"age_i": 26, "name_s": "Handika", "userid_i": 7, "channel_s": "7", "gender_s": "Male", "event_s": "11:23"}
DEBUG:root:Found Faces on Rotation 1 11:23
DEBUG:root:{"age_i": 26, "name_s": "Handika", "userid_i": 7, "channel_s": "7", "gender_s": "Male", "event_s": "11:23"}
DEBUG:root:Found Faces on Rotation 2 11:23
DEBUG:root:{"age_i": 26, "name_s": "Handika", "userid_i": 7, "channel_s": "7", "gender_s": "Male", "event_s": "11:24"}
DEBUG:root:old image removed 11:27
DEBUG:root:new image captured 11:27
DEBUG:root:Found Faces on Original Position 11:27
DEBUG:root:{"age_i": 26, "name_s": "Handika", "userid_i": 7, "channel_s": "7", "gender_s": "Male", "event_s": "11:27"}
DEBUG:root:Found Faces on Original Position 11:27
DEBUG:root:{"age_i": 26, "name_s": "Handika", "userid_i": 7, "channel_s": "7", "gender_s": "Male", "event_s": "11:27"}
DEBUG:root:Found Faces on Original Position 11:27
DEBUG:root:{"age_i": 26, "name_s": "Handika", "userid_i": 7, "channel_s": "7", "gender_s": "Male", "event_s": "11:27"}
DEBUG:root:Found Faces on Original Position 11:27
DEBUG:root:{"age_i": 26, "name_s": "Handika", "userid_i": 7, "channel_s": "7", "gender_s": "Male", "event_s": "11:27"}
DEBUG:root:Found Faces on Rotation 1 11:27
DEBUG:root:{"age_i": 26, "name_s": "Handika", "userid_i": 7, "channel_s": "7", "gender_s": "Male", "event_s": "11:28"}
DEBUG:root:Undetected Faces on Original Position 2 11:28
DEBUG:root:old image removed 11:29
DEBUG:root:new image captured 11:29
DEBUG:root:Found Faces on Original Position 11:29
DEBUG:root:{"age_i": 26, "name_s": "Handika", "userid_i": 7, "channel_s": "7", "gender_s": "Male", "event_s": "11:29"}
DEBUG:root:Found Faces on Original Position 11:29
DEBUG:root:{"age_i": 26, "name_s": "Handika", "userid_i": 7, "channel_s": "7", "gender_s": "Male", "event_s": "11:29"}
DEBUG:root:Found Faces on Original Position 11:29
DEBUG:root:{"age_i": 26, "name_s": "Handika", "userid_i": 7, "channel_s": "7", "gender_s": "Male", "event_s": "11:29"}
DEBUG:root:Found Faces on Original Position 11:29
DEBUG:root:{"age_i": 26, "name_s": "Handika", "userid_i": 7, "channel_s": "7", "gender_s": "Male", "event_s": "11:29"}
DEBUG:root:Found Faces on Rotation 1 11:29
DEBUG:root:{"age_i": 26, "name_s": "Handika", "userid_i": 7, "channel_s": "7", "gender_s": "Male", "event_s": "11:29"}
DEBUG:root:Found Faces on Rotation 1 11:29
DEBUG:root:{"age_i": 26, "name_s": "Handika", "userid_i": 7, "channel_s": "7", "gender_s": "Male", "event_s": "11:29"}
DEBUG:root:Found Faces on Rotation 1 11:29
DEBUG:root:{"age_i": 26, "name_s": "Handika", "userid_i": 7, "channel_s": "7", "gender_s": "Male", "event_s": "11:29"}
DEBUG:root:Found Faces on Rotation 1 11:29
DEBUG:root:{"age_i": 26, "name_s": "Handika", "userid_i": 7, "channel_s": "7", "gender_s": "Male", "event_s": "11:29"}
DEBUG:root:Found Faces on Rotation 2 11:29
DEBUG:root:{"age_i": 26, "name_s": "Handika", "userid_i": 7, "channel_s": "7", "gender_s": "Male", "event_s": "11:30"}
DEBUG:root:old image removed 11:31
DEBUG:root:new image captured 11:31
DEBUG:root:Found Faces on Original Position 11:31
DEBUG:root:{"age_i": 26, "name_s": "Handika", "userid_i": 7, "channel_s": "7", "gender_s": "Male", "event_s": "11:31"}
DEBUG:root:Found Faces on Rotation 1 11:31
DEBUG:root:{"age_i": 26, "name_s": "Handika", "userid_i": 7, "channel_s": "7", "gender_s": "Male", "event_s": "11:31"}
DEBUG:root:Undetected Faces on Original Position 2 11:32
DEBUG:root:old image removed 11:32
DEBUG:root:new image captured 11:32
DEBUG:root:Found Faces on Original Position 11:33
DEBUG:root:{"age_i": 26, "name_s": "Handika", "userid_i": 7, "channel_s": "7", "gender_s": "Male", "event_s": "11:33"}
DEBUG:root:Found Faces on Rotation 1 11:33
DEBUG:root:{"age_i": 26, "name_s": "Handika", "userid_i": 7, "channel_s": "7", "gender_s": "Male", "event_s": "11:33"}
DEBUG:root:Found Faces on Rotation 2 11:33
DEBUG:root:{"age_i": 26, "name_s": "Handika", "userid_i": 7, "channel_s": "7", "gender_s": "Male", "event_s": "11:33"}
DEBUG:root:old image removed 11:34
DEBUG:root:new image captured 11:34
DEBUG:root:Undetected Faces on Original Position 11:34
DEBUG:root:Undetected Faces on Original Position 1 11:35
DEBUG:root:Found Faces on Rotation 2 11:35
DEBUG:root:{"age_i": 26, "name_s": "Handika", "userid_i": 7, "channel_s": "7", "gender_s": "Male", "event_s": "11:35"}
DEBUG:root:old image removed 12:00
DEBUG:root:new image captured 12:00
DEBUG:root:Undetected Faces on Original Position 12:00
DEBUG:root:Undetected Faces on Original Position 1 12:01
DEBUG:root:Found Faces on Rotation 2 12:01
DEBUG:root:{"age_i": 26, "name_s": "Handika", "userid_i": 7, "channel_s": "7", "gender_s": "Male", "event_s": "12:01"}
DEBUG:root:old image removed 12:02
DEBUG:root:new image captured 12:02
DEBUG:root:Found Faces on Original Position 12:02
DEBUG:root:{"age_i": 26, "name_s": "Handika", "userid_i": 7, "channel_s": "7", "gender_s": "Male", "event_s": "12:02"}
DEBUG:root:Found Faces on Original Position 12:02
DEBUG:root:{"age_i": 26, "name_s": "Handika", "userid_i": 7, "channel_s": "7", "gender_s": "Male", "event_s": "12:02"}
DEBUG:root:Found Faces on Original Position 12:02
DEBUG:root:{"age_i": 26, "name_s": "Handika", "userid_i": 7, "channel_s": "7", "gender_s": "Male", "event_s": "12:02"}
DEBUG:root:Found Faces on Original Position 12:02
DEBUG:root:{"age_i": 26, "name_s": "Handika", "userid_i": 7, "channel_s": "7", "gender_s": "Male", "event_s": "12:02"}
DEBUG:root:Undetected Faces on Original Position 1 12:02
DEBUG:root:Undetected Faces on Original Position 2 12:03
DEBUG:root:old image removed 12:03
DEBUG:root:new image captured 12:03
DEBUG:root:Undetected Faces on Original Position 12:04
DEBUG:root:Undetected Faces on Original Position 1 12:04
DEBUG:root:Undetected Faces on Original Position 2 12:04
DEBUG:root:old image removed 12:15
DEBUG:root:old image removed 12:16
DEBUG:root:new image captured 12:16
DEBUG:root:Found Faces on Original Position 12:17
DEBUG:root:{"age_i": 26, "name_s": "Handika", "userid_i": 7, "channel_s": "7", "gender_s": "Male", "event_s": "12:17"}
DEBUG:root:Undetected Faces on Original Position 1 12:17
DEBUG:root:Undetected Faces on Original Position 2 12:17
DEBUG:root:old image removed 12:18
DEBUG:root:new image captured 12:18
DEBUG:root:Found Faces on Original Position 12:18
DEBUG:root:{"age_i": 26, "name_s": "Handika", "userid_i": 7, "channel_s": "7", "gender_s": "Male", "event_s": "12:18"}
DEBUG:root:Undetected Faces on Original Position 1 12:18
DEBUG:root:Found Faces on Rotation 2 12:18
DEBUG:root:{"age_i": 26, "name_s": "Handika", "userid_i": 7, "channel_s": "7", "gender_s": "Male", "event_s": "12:19"}
DEBUG:root:Found Faces on Rotation 2 12:18
DEBUG:root:{"age_i": 26, "name_s": "Handika", "userid_i": 7, "channel_s": "7", "gender_s": "Male", "event_s": "12:19"}
DEBUG:root:Found Faces on Rotation 2 12:18
DEBUG:root:{"age_i": 26, "name_s": "Handika", "userid_i": 7, "channel_s": "7", "gender_s": "Male", "event_s": "12:19"}
DEBUG:root:Found Faces on Rotation 2 12:18
DEBUG:root:{"age_i": 26, "name_s": "Handika", "userid_i": 7, "channel_s": "7", "gender_s": "Male", "event_s": "12:19"}
DEBUG:root:old image removed 12:19
DEBUG:root:new image captured 12:19
DEBUG:root:Found Faces on Original Position 12:20
DEBUG:root:{"age_i": 26, "name_s": "Handika", "userid_i": 7, "channel_s": "7", "gender_s": "Male", "event_s": "12:20"}
DEBUG:root:Undetected Faces on Original Position 1 12:20
DEBUG:root:Found Faces on Rotation 2 12:20
DEBUG:root:{"age_i": 26, "name_s": "Handika", "userid_i": 7, "channel_s": "7", "gender_s": "Male", "event_s": "12:20"}
DEBUG:root:old image removed 12:52
DEBUG:root:new image captured 12:52
DEBUG:root:Found Faces on Original Position 12:52
DEBUG:root:{"age_i": 26, "name_s": "Handika", "userid_i": 7, "channel_s": "7", "gender_s": "Male", "event_s": "12:52"}
DEBUG:root:Undetected Faces on Original Position 2 12:53
DEBUG:root:old image removed 12:54
DEBUG:root:new image captured 12:54
DEBUG:root:Undetected Faces on Original Position 12:54
DEBUG:root:Undetected Faces on Original Position 1 12:54
DEBUG:root:Undetected Faces on Original Position 2 12:54
DEBUG:root:old image removed 12:55
DEBUG:root:new image captured 12:55
DEBUG:root:Undetected Faces on Original Position 1 12:56
DEBUG:root:Undetected Faces on Original Position 2 12:56
DEBUG:root:old image removed 12:57
DEBUG:root:new image captured 12:57
DEBUG:root:Undetected Faces on Original Position 12:58
DEBUG:root:Undetected Faces on Original Position 1 12:58
DEBUG:root:Undetected Faces on Original Position 2 12:58
DEBUG:root:old image removed 12:59
DEBUG:root:new image captured 12:59
DEBUG:root:Found Faces on Original Position 12:59
DEBUG:root:{"age_i": 26, "name_s": "Handika", "userid_i": 7, "channel_s": "7", "gender_s": "Male", "event_s": "12:59"}
DEBUG:root:Found Faces on Rotation 1 12:59
DEBUG:root:{"age_i": 26, "name_s": "Handika", "userid_i": 7, "channel_s": "7", "gender_s": "Male", "event_s": "13:00"}
DEBUG:root:Undetected Faces on Original Position 2 13:00
DEBUG:root:old image removed 13:10
DEBUG:root:new image captured 13:10
DEBUG:root:Found Faces on Original Position 13:10
DEBUG:root:{"age_i": 26, "name_s": "Handika", "userid_i": 7, "channel_s": "7", "gender_s": "Male", "event_s": "13:10"}
DEBUG:root:Undetected Faces on Original Position 1 13:10
DEBUG:root:Undetected Faces on Original Position 2 13:10
DEBUG:root:old image removed 13:11
DEBUG:root:new image captured 13:11
DEBUG:root:Undetected Faces on Original Position 13:12
DEBUG:root:Undetected Faces on Original Position 1 13:12
DEBUG:root:Undetected Faces on Original Position 2 13:12
DEBUG:root:old image removed 13:13
DEBUG:root:new image captured 13:13
DEBUG:root:Undetected Faces on Original Position 13:13
DEBUG:root:Undetected Faces on Original Position 1 13:14
DEBUG:root:Undetected Faces on Original Position 2 13:14
DEBUG:root:old image removed 13:43
DEBUG:root:new image captured 13:43
DEBUG:root:Found Faces on Original Position 13:44
DEBUG:root:{"age_i": 26, "name_s": "Handika", "userid_i": 7, "channel_s": "7", "gender_s": "Male", "event_s": "13:44"}
DEBUG:root:Found Faces on Original Position 13:44
DEBUG:root:{"age_i": 26, "name_s": "Handika", "userid_i": 7, "channel_s": "7", "gender_s": "Male", "event_s": "13:44"}
DEBUG:root:Found Faces on Original Position 13:44
DEBUG:root:{"age_i": 26, "name_s": "Handika", "userid_i": 7, "channel_s": "7", "gender_s": "Male", "event_s": "13:44"}
DEBUG:root:Found Faces on Original Position 13:44
DEBUG:root:{"age_i": 26, "name_s": "Handika", "userid_i": 7, "channel_s": "7", "gender_s": "Male", "event_s": "13:44"}
DEBUG:root:Undetected Faces on Original Position 1 13:44
DEBUG:root:old image removed 13:45
DEBUG:root:new image captured 13:45
DEBUG:root:Found Faces on Original Position 13:45
DEBUG:root:{"age_i": 26, "name_s": "Handika", "userid_i": 7, "channel_s": "7", "gender_s": "Male", "event_s": "13:45"}
DEBUG:root:Undetected Faces on Original Position 1 13:46
DEBUG:root:Found Faces on Rotation 2 13:46
DEBUG:root:{"age_i": 26, "name_s": "Handika", "userid_i": 7, "channel_s": "7", "gender_s": "Male", "event_s": "13:46"}
DEBUG:root:old image removed 13:46
DEBUG:root:new image captured 13:46
DEBUG:root:Found Faces on Original Position 13:47
DEBUG:root:{"age_i": 26, "name_s": "Handika", "userid_i": 7, "channel_s": "7", "gender_s": "Male", "event_s": "13:47"}
DEBUG:root:Found Faces on Rotation 1 13:47
DEBUG:root:{"age_i": 26, "name_s": "Handika", "userid_i": 7, "channel_s": "7", "gender_s": "Male", "event_s": "13:47"}
DEBUG:root:Undetected Faces on Original Position 2 13:47
DEBUG:root:old image removed 13:48
DEBUG:root:new image captured 13:48
DEBUG:root:Found Faces on Original Position 13:48
DEBUG:root:{"age_i": 26, "name_s": "Handika", "userid_i": 7, "channel_s": "7", "gender_s": "Male", "event_s": "13:48"}
DEBUG:root:Found Faces on Original Position 13:48
DEBUG:root:{"age_i": 26, "name_s": "Handika", "userid_i": 7, "channel_s": "7", "gender_s": "Male", "event_s": "13:48"}
DEBUG:root:Found Faces on Original Position 13:48
DEBUG:root:{"age_i": 26, "name_s": "Handika", "userid_i": 7, "channel_s": "7", "gender_s": "Male", "event_s": "13:48"}
DEBUG:root:Found Faces on Original Position 13:48
DEBUG:root:{"age_i": 26, "name_s": "Handika", "userid_i": 7, "channel_s": "7", "gender_s": "Male", "event_s": "13:48"}
DEBUG:root:Found Faces on Rotation 1 13:48
DEBUG:root:{"age_i": 26, "name_s": "Handika", "userid_i": 7, "channel_s": "7", "gender_s": "Male", "event_s": "13:48"}
DEBUG:root:Undetected Faces on Original Position 2 13:49
DEBUG:root:old image removed 13:49
DEBUG:root:new image captured 13:49
DEBUG:root:Found Faces on Original Position 13:49
DEBUG:root:{"age_i": 26, "name_s": "Handika", "userid_i": 7, "channel_s": "7", "gender_s": "Male", "event_s": "13:49"}
DEBUG:root:Found Faces on Rotation 1 13:50
DEBUG:root:{"age_i": 26, "name_s": "Handika", "userid_i": 7, "channel_s": "7", "gender_s": "Male", "event_s": "13:50"}
DEBUG:root:Found Faces on Rotation 1 13:50
DEBUG:root:{"age_i": 26, "name_s": "Handika", "userid_i": 7, "channel_s": "7", "gender_s": "Male", "event_s": "13:50"}
DEBUG:root:Found Faces on Rotation 1 13:50
DEBUG:root:{"age_i": 26, "name_s": "Handika", "userid_i": 7, "channel_s": "7", "gender_s": "Male", "event_s": "13:50"}
DEBUG:root:Found Faces on Rotation 1 13:50
DEBUG:root:{"age_i": 26, "name_s": "Handika", "userid_i": 7, "channel_s": "7", "gender_s": "Male", "event_s": "13:50"}
DEBUG:root:Found Faces on Rotation 2 13:50
DEBUG:root:{"age_i": 26, "name_s": "Handika", "userid_i": 7, "channel_s": "7", "gender_s": "Male", "event_s": "13:50"}
DEBUG:root:Found Faces on Rotation 2 13:50
DEBUG:root:{"age_i": 26, "name_s": "Handika", "userid_i": 7, "channel_s": "7", "gender_s": "Male", "event_s": "13:50"}
DEBUG:root:Found Faces on Rotation 2 13:50
DEBUG:root:{"age_i": 26, "name_s": "Handika", "userid_i": 7, "channel_s": "7", "gender_s": "Male", "event_s": "13:50"}
DEBUG:root:Found Faces on Rotation 2 13:50
DEBUG:root:{"age_i": 26, "name_s": "Handika", "userid_i": 7, "channel_s": "7", "gender_s": "Male", "event_s": "13:50"}
DEBUG:root:Found Faces on Rotation 2 13:50
DEBUG:root:{"age_i": 26, "name_s": "Handika", "userid_i": 7, "channel_s": "7", "gender_s": "Male", "event_s": "13:50"}
DEBUG:root:Found Faces on Rotation 2 13:50
DEBUG:root:{"age_i": 26, "name_s": "Handika", "userid_i": 7, "channel_s": "7", "gender_s": "Male", "event_s": "13:50"}
DEBUG:root:Found Faces on Rotation 2 13:50
DEBUG:root:{"age_i": 26, "name_s": "Handika", "userid_i": 7, "channel_s": "7", "gender_s": "Male", "event_s": "13:50"}
DEBUG:root:Found Faces on Rotation 2 13:50
DEBUG:root:{"age_i": 26, "name_s": "Handika", "userid_i": 7, "channel_s": "7", "gender_s": "Male", "event_s": "13:50"}
DEBUG:root:Found Faces on Rotation 2 13:50
DEBUG:root:{"age_i": 26, "name_s": "Handika", "userid_i": 7, "channel_s": "7", "gender_s": "Male", "event_s": "13:50"}
DEBUG:root:old image removed 13:59
DEBUG:root:new image captured 13:59
DEBUG:root:Undetected Faces on Original Position 14:00
DEBUG:root:Undetected Faces on Original Position 1 14:00
DEBUG:root:old image removed 14:00
DEBUG:root:new image captured 14:00
DEBUG:root:Undetected Faces on Original Position 14:01
DEBUG:root:Undetected Faces on Original Position 1 14:01
DEBUG:root:old image removed 14:02
DEBUG:root:new image captured 14:02
DEBUG:root:Undetected Faces on Original Position 14:02
DEBUG:root:Found Faces on Rotation 1 14:02
DEBUG:root:{"age_i": 26, "name_s": "Handika", "userid_i": 7, "channel_s": "7", "gender_s": "Male", "event_s": "14:02"}
DEBUG:root:Found Faces on Rotation 2 14:03
DEBUG:root:{"age_i": 26, "name_s": "Handika", "userid_i": 7, "channel_s": "7", "gender_s": "Male", "event_s": "14:03"}
DEBUG:root:old image removed 14:12
DEBUG:root:new image captured 14:12
DEBUG:root:Undetected Faces on Original Position 14:12
DEBUG:root:Undetected Faces on Original Position 1 14:13
DEBUG:root:old image removed 14:13
DEBUG:root:new image captured 14:13
DEBUG:root:Undetected Faces on Original Position 14:14
DEBUG:root:Undetected Faces on Original Position 1 14:14
DEBUG:root:Undetected Faces on Original Position 2 14:14
DEBUG:root:old image removed 14:14
DEBUG:root:new image captured 14:14
DEBUG:root:Undetected Faces on Original Position 14:15
DEBUG:root:Undetected Faces on Original Position 1 14:15
DEBUG:root:Undetected Faces on Original Position 2 14:15
DEBUG:root:old image removed 14:16
DEBUG:root:new image captured 14:16
DEBUG:root:Undetected Faces on Original Position 1 14:16
DEBUG:root:Undetected Faces on Original Position 2 14:17
DEBUG:root:old image removed 14:17
DEBUG:root:new image captured 14:17
DEBUG:root:Found Faces on Original Position 14:17
DEBUG:root:{"age_i": 26, "name_s": "Handika", "userid_i": 7, "channel_s": "7", "gender_s": "Male", "event_s": "14:17"}
DEBUG:root:Undetected Faces on Original Position 1 14:18
DEBUG:root:Undetected Faces on Original Position 2 14:18
DEBUG:root:old image removed 14:18
DEBUG:root:new image captured 14:18
DEBUG:root:Undetected Faces on Original Position 14:19
DEBUG:root:Undetected Faces on Original Position 1 14:19
DEBUG:root:Undetected Faces on Original Position 2 14:19
DEBUG:root:old image removed 14:20
DEBUG:root:new image captured 14:20
DEBUG:root:Undetected Faces on Original Position 14:20
DEBUG:root:Undetected Faces on Original Position 1 14:20
DEBUG:root:Found Faces on Rotation 2 14:21
DEBUG:root:{"age_i": 26, "name_s": "Handika", "userid_i": 7, "channel_s": "7", "gender_s": "Male", "event_s": "14:21"}
DEBUG:root:old image removed 14:21
DEBUG:root:new image captured 14:21
DEBUG:root:Undetected Faces on Original Position 14:21
DEBUG:root:Undetected Faces on Original Position 1 14:22
DEBUG:root:Undetected Faces on Original Position 2 14:22
DEBUG:root:old image removed 14:22
DEBUG:root:new image captured 14:22
DEBUG:root:Undetected Faces on Original Position 14:23
DEBUG:root:Undetected Faces on Original Position 1 14:23
DEBUG:root:Undetected Faces on Original Position 2 14:23
DEBUG:root:old image removed 14:23
DEBUG:root:new image captured 14:23
DEBUG:root:Found Faces on Original Position 14:24
DEBUG:root:{"age_i": 26, "name_s": "Handika", "userid_i": 7, "channel_s": "7", "gender_s": "Male", "event_s": "14:24"}
DEBUG:root:Undetected Faces on Original Position 1 14:24
DEBUG:root:Found Faces on Rotation 2 14:24
DEBUG:root:{"age_i": 26, "name_s": "Handika", "userid_i": 7, "channel_s": "7", "gender_s": "Male", "event_s": "14:24"}
DEBUG:root:old image removed 14:25
DEBUG:root:new image captured 14:25
DEBUG:root:Found Faces on Original Position 14:25
DEBUG:root:{"age_i": 26, "name_s": "Handika", "userid_i": 7, "channel_s": "7", "gender_s": "Male", "event_s": "14:25"}
DEBUG:root:Undetected Faces on Original Position 1 14:25
DEBUG:root:Undetected Faces on Original Position 2 14:26
DEBUG:root:old image removed 14:26
DEBUG:root:new image captured 14:26
DEBUG:root:Found Faces on Original Position 14:26
DEBUG:root:{"age_i": 26, "name_s": "Handika", "userid_i": 7, "channel_s": "7", "gender_s": "Male", "event_s": "14:26"}
DEBUG:root:Found Faces on Rotation 1 14:27
DEBUG:root:{"age_i": 26, "name_s": "Handika", "userid_i": 7, "channel_s": "7", "gender_s": "Male", "event_s": "14:27"}
DEBUG:root:Undetected Faces on Original Position 2 14:27
DEBUG:root:old image removed 14:27
DEBUG:root:new image captured 14:27
DEBUG:root:Found Faces on Original Position 14:28
DEBUG:root:{"age_i": 26, "name_s": "Handika", "userid_i": 7, "channel_s": "7", "gender_s": "Male", "event_s": "14:28"}
DEBUG:root:Found Faces on Rotation 1 14:28
DEBUG:root:{"age_i": 26, "name_s": "Handika", "userid_i": 7, "channel_s": "7", "gender_s": "Male", "event_s": "14:28"}
DEBUG:root:Found Faces on Rotation 2 14:28
DEBUG:root:{"age_i": 26, "name_s": "Handika", "userid_i": 7, "channel_s": "7", "gender_s": "Male", "event_s": "14:28"}
DEBUG:root:old image removed 14:29
DEBUG:root:new image captured 14:29
DEBUG:root:Found Faces on Original Position 14:29
DEBUG:root:{"age_i": 26, "name_s": "Handika", "userid_i": 7, "channel_s": "7", "gender_s": "Male", "event_s": "14:29"}
DEBUG:root:Found Faces on Rotation 1 14:29
DEBUG:root:{"age_i": 26, "name_s": "Handika", "userid_i": 7, "channel_s": "7", "gender_s": "Male", "event_s": "14:29"}
DEBUG:root:Undetected Faces on Original Position 2 14:30
DEBUG:root:old image removed 14:30
DEBUG:root:new image captured 14:30
DEBUG:root:Found Faces on Original Position 14:30
DEBUG:root:{"age_i": 26, "name_s": "Handika", "userid_i": 7, "channel_s": "7", "gender_s": "Male", "event_s": "14:30"}
DEBUG:root:Undetected Faces on Original Position 1 14:31
DEBUG:root:Undetected Faces on Original Position 2 14:31
DEBUG:root:old image removed 14:31
DEBUG:root:new image captured 14:31
DEBUG:root:Undetected Faces on Original Position 14:32
DEBUG:root:Undetected Faces on Original Position 1 14:32
DEBUG:root:Undetected Faces on Original Position 2 14:32
DEBUG:root:old image removed 14:33
DEBUG:root:new image captured 14:33
DEBUG:root:Found Faces on Original Position 14:33
DEBUG:root:{"age_i": 26, "name_s": "Handika", "userid_i": 7, "channel_s": "7", "gender_s": "Male", "event_s": "14:33"}
DEBUG:root:Found Faces on Rotation 1 14:33
DEBUG:root:{"age_i": 26, "name_s": "Handika", "userid_i": 7, "channel_s": "7", "gender_s": "Male", "event_s": "14:33"}
DEBUG:root:Undetected Faces on Original Position 2 14:34
DEBUG:root:old image removed 14:34
DEBUG:root:new image captured 14:34
DEBUG:root:Undetected Faces on Original Position 14:34
DEBUG:root:Undetected Faces on Original Position 1 14:35
DEBUG:root:Undetected Faces on Original Position 2 14:35
DEBUG:root:old image removed 14:35
DEBUG:root:new image captured 14:35
DEBUG:root:Found Faces on Original Position 14:36
DEBUG:root:{"age_i": 26, "name_s": "Handika", "userid_i": 7, "channel_s": "7", "gender_s": "Male", "event_s": "14:36"}
DEBUG:root:Undetected Faces on Original Position 1 14:36
DEBUG:root:Undetected Faces on Original Position 2 14:36
DEBUG:root:old image removed 14:37
DEBUG:root:new image captured 14:37
DEBUG:root:Undetected Faces on Original Position 14:37
DEBUG:root:Undetected Faces on Original Position 1 14:37
DEBUG:root:Undetected Faces on Original Position 2 14:38
DEBUG:root:old image removed 14:38
DEBUG:root:new image captured 14:38
DEBUG:root:Found Faces on Original Position 14:39
DEBUG:root:{"age_i": 26, "name_s": "Handika", "userid_i": 7, "channel_s": "7", "gender_s": "Male", "event_s": "14:39"}
DEBUG:root:Undetected Faces on Original Position 1 14:39
DEBUG:root:Undetected Faces on Original Position 2 14:39
DEBUG:root:old image removed 14:40
DEBUG:root:new image captured 14:40
DEBUG:root:Found Faces on Original Position 14:40
DEBUG:root:{"age_i": 26, "name_s": "Handika", "userid_i": 7, "channel_s": "7", "gender_s": "Male", "event_s": "14:40"}
DEBUG:root:Found Faces on Rotation 1 14:40
DEBUG:root:{"age_i": 26, "name_s": "Handika", "userid_i": 7, "channel_s": "7", "gender_s": "Male", "event_s": "14:40"}
DEBUG:root:Found Faces on Rotation 2 14:41
DEBUG:root:{"age_i": 26, "name_s": "Handika", "userid_i": 7, "channel_s": "7", "gender_s": "Male", "event_s": "14:41"}
DEBUG:root:old image removed 14:41
DEBUG:root:new image captured 14:41
DEBUG:root:Undetected Faces on Original Position 14:41
DEBUG:root:Undetected Faces on Original Position 1 14:42
DEBUG:root:Undetected Faces on Original Position 2 14:42
DEBUG:root:old image removed 14:42
DEBUG:root:new image captured 14:42
DEBUG:root:Found Faces on Original Position 14:43
DEBUG:root:{"age_i": 26, "name_s": "Handika", "userid_i": 7, "channel_s": "7", "gender_s": "Male", "event_s": "14:43"}
DEBUG:root:Undetected Faces on Original Position 1 14:43
DEBUG:root:old image removed 14:44
DEBUG:root:new image captured 14:44
DEBUG:root:Undetected Faces on Original Position 14:44
DEBUG:root:Undetected Faces on Original Position 1 14:45
DEBUG:root:Undetected Faces on Original Position 2 14:45
DEBUG:root:old image removed 14:45
DEBUG:root:new image captured 14:45
DEBUG:root:Undetected Faces on Original Position 14:46
DEBUG:root:Undetected Faces on Original Position 1 14:46
DEBUG:root:Undetected Faces on Original Position 2 14:46
